  mainwindow.cpp
mainwindow.cpp(20): error C4430: missing type specifier - int assumed. Note: C++ does not support default-int
mainwindow.cpp(20): error C2146: syntax error: missing ';' before identifier 'm_signal'
mainwindow.cpp(86): error C2664: 'void QwtSeriesStore<QPointF>::setData(QwtSeriesData<T> *)': cannot convert argument 1 from 'int *' to 'QwtSeriesData<T> *'
          with
          [
              T=QPointF
          ]
  mainwindow.cpp(86): note: Types pointed to are unrelated; conversion requires reinterpret_cast, C-style cast or function-style cast
  samplingthread.cpp
C:\Program Files\Windows Kits\10\Include\10.0.10240.0\ucrt\math.h(996): warning C4005: 'M_E': macro redefinition
  C:\Qt\Qt5.6.0\5.6\msvc2015\include\QtCore\qmath.h(146): note: see previous definition of 'M_E'
C:\Program Files\Windows Kits\10\Include\10.0.10240.0\ucrt\math.h(997): warning C4005: 'M_LOG2E': macro redefinition
  C:\Qt\Qt5.6.0\5.6\msvc2015\include\QtCore\qmath.h(150): note: see previous definition of 'M_LOG2E'
C:\Program Files\Windows Kits\10\Include\10.0.10240.0\ucrt\math.h(998): warning C4005: 'M_LOG10E': macro redefinition
  C:\Qt\Qt5.6.0\5.6\msvc2015\include\QtCore\qmath.h(154): note: see previous definition of 'M_LOG10E'
C:\Program Files\Windows Kits\10\Include\10.0.10240.0\ucrt\math.h(999): warning C4005: 'M_LN2': macro redefinition
  C:\Qt\Qt5.6.0\5.6\msvc2015\include\QtCore\qmath.h(158): note: see previous definition of 'M_LN2'
C:\Program Files\Windows Kits\10\Include\10.0.10240.0\ucrt\math.h(1000): warning C4005: 'M_LN10': macro redefinition
  C:\Qt\Qt5.6.0\5.6\msvc2015\include\QtCore\qmath.h(162): note: see previous definition of 'M_LN10'
C:\Program Files\Windows Kits\10\Include\10.0.10240.0\ucrt\math.h(1001): warning C4005: 'M_PI': macro redefinition
  C:\Qt\Qt5.6.0\5.6\msvc2015\include\QtCore\qmath.h(166): note: see previous definition of 'M_PI'
C:\Program Files\Windows Kits\10\Include\10.0.10240.0\ucrt\math.h(1002): warning C4005: 'M_PI_2': macro redefinition
  C:\Qt\Qt5.6.0\5.6\msvc2015\include\QtCore\qmath.h(170): note: see previous definition of 'M_PI_2'
C:\Program Files\Windows Kits\10\Include\10.0.10240.0\ucrt\math.h(1003): warning C4005: 'M_PI_4': macro redefinition
  C:\Qt\Qt5.6.0\5.6\msvc2015\include\QtCore\qmath.h(174): note: see previous definition of 'M_PI_4'
C:\Program Files\Windows Kits\10\Include\10.0.10240.0\ucrt\math.h(1004): warning C4005: 'M_1_PI': macro redefinition
  C:\Qt\Qt5.6.0\5.6\msvc2015\include\QtCore\qmath.h(178): note: see previous definition of 'M_1_PI'
C:\Program Files\Windows Kits\10\Include\10.0.10240.0\ucrt\math.h(1005): warning C4005: 'M_2_PI': macro redefinition
  C:\Qt\Qt5.6.0\5.6\msvc2015\include\QtCore\qmath.h(182): note: see previous definition of 'M_2_PI'
C:\Program Files\Windows Kits\10\Include\10.0.10240.0\ucrt\math.h(1006): warning C4005: 'M_2_SQRTPI': macro redefinition
  C:\Qt\Qt5.6.0\5.6\msvc2015\include\QtCore\qmath.h(186): note: see previous definition of 'M_2_SQRTPI'
C:\Program Files\Windows Kits\10\Include\10.0.10240.0\ucrt\math.h(1007): warning C4005: 'M_SQRT2': macro redefinition
  C:\Qt\Qt5.6.0\5.6\msvc2015\include\QtCore\qmath.h(190): note: see previous definition of 'M_SQRT2'
C:\Program Files\Windows Kits\10\Include\10.0.10240.0\ucrt\math.h(1008): warning C4005: 'M_SQRT1_2': macro redefinition
  C:\Qt\Qt5.6.0\5.6\msvc2015\include\QtCore\qmath.h(194): note: see previous definition of 'M_SQRT1_2'
  Generating Code...
