  Moc'ing console.h...
  Moc'ing log.h...
  Moc'ing mainwindow.h...
  Moc'ing plot.h...
  Moc'ing samplingthread.h...
  Uic'ing mainwindow.ui...
  Rcc'ing resources.qrc...
  console.cpp
  curvedata.cpp
  moc_console.cpp
  moc_log.cpp
  moc_mainwindow.cpp
  moc_plot.cpp
  moc_samplingthread.cpp
  log.cpp
  main.cpp
  mainwindow.cpp
  plot.cpp
  samplingthread.cpp
C:\Program Files\Windows Kits\10\Include\10.0.10240.0\ucrt\math.h(996): warning C4005: 'M_E': macro redefinition
  C:\Qt\Qt5.6.0\5.6\msvc2015\include\QtCore\qmath.h(146): note: see previous definition of 'M_E'
C:\Program Files\Windows Kits\10\Include\10.0.10240.0\ucrt\math.h(997): warning C4005: 'M_LOG2E': macro redefinition
  C:\Qt\Qt5.6.0\5.6\msvc2015\include\QtCore\qmath.h(150): note: see previous definition of 'M_LOG2E'
C:\Program Files\Windows Kits\10\Include\10.0.10240.0\ucrt\math.h(998): warning C4005: 'M_LOG10E': macro redefinition
  C:\Qt\Qt5.6.0\5.6\msvc2015\include\QtCore\qmath.h(154): note: see previous definition of 'M_LOG10E'
C:\Program Files\Windows Kits\10\Include\10.0.10240.0\ucrt\math.h(999): warning C4005: 'M_LN2': macro redefinition
  C:\Qt\Qt5.6.0\5.6\msvc2015\include\QtCore\qmath.h(158): note: see previous definition of 'M_LN2'
C:\Program Files\Windows Kits\10\Include\10.0.10240.0\ucrt\math.h(1000): warning C4005: 'M_LN10': macro redefinition
  C:\Qt\Qt5.6.0\5.6\msvc2015\include\QtCore\qmath.h(162): note: see previous definition of 'M_LN10'
C:\Program Files\Windows Kits\10\Include\10.0.10240.0\ucrt\math.h(1001): warning C4005: 'M_PI': macro redefinition
  C:\Qt\Qt5.6.0\5.6\msvc2015\include\QtCore\qmath.h(166): note: see previous definition of 'M_PI'
C:\Program Files\Windows Kits\10\Include\10.0.10240.0\ucrt\math.h(1002): warning C4005: 'M_PI_2': macro redefinition
  C:\Qt\Qt5.6.0\5.6\msvc2015\include\QtCore\qmath.h(170): note: see previous definition of 'M_PI_2'
C:\Program Files\Windows Kits\10\Include\10.0.10240.0\ucrt\math.h(1003): warning C4005: 'M_PI_4': macro redefinition
  C:\Qt\Qt5.6.0\5.6\msvc2015\include\QtCore\qmath.h(174): note: see previous definition of 'M_PI_4'
C:\Program Files\Windows Kits\10\Include\10.0.10240.0\ucrt\math.h(1004): warning C4005: 'M_1_PI': macro redefinition
  C:\Qt\Qt5.6.0\5.6\msvc2015\include\QtCore\qmath.h(178): note: see previous definition of 'M_1_PI'
C:\Program Files\Windows Kits\10\Include\10.0.10240.0\ucrt\math.h(1005): warning C4005: 'M_2_PI': macro redefinition
  C:\Qt\Qt5.6.0\5.6\msvc2015\include\QtCore\qmath.h(182): note: see previous definition of 'M_2_PI'
C:\Program Files\Windows Kits\10\Include\10.0.10240.0\ucrt\math.h(1006): warning C4005: 'M_2_SQRTPI': macro redefinition
  C:\Qt\Qt5.6.0\5.6\msvc2015\include\QtCore\qmath.h(186): note: see previous definition of 'M_2_SQRTPI'
C:\Program Files\Windows Kits\10\Include\10.0.10240.0\ucrt\math.h(1007): warning C4005: 'M_SQRT2': macro redefinition
  C:\Qt\Qt5.6.0\5.6\msvc2015\include\QtCore\qmath.h(190): note: see previous definition of 'M_SQRT2'
C:\Program Files\Windows Kits\10\Include\10.0.10240.0\ucrt\math.h(1008): warning C4005: 'M_SQRT1_2': macro redefinition
  C:\Qt\Qt5.6.0\5.6\msvc2015\include\QtCore\qmath.h(194): note: see previous definition of 'M_SQRT1_2'
  Generating Code...
  qrc_resources.cpp
  LINK : debug\\PressureDetector.exe not found or not built by the last incremental link; performing full link
  PressureDetector.vcxproj -> C:\Users\ymchen\Documents\QT5.6\PressureDetector\debug\PressureDetector.exe
